#
# There is insufficient memory for the Java Runtime Environment to continue.
# Native memory allocation (mmap) failed to map 65536 bytes. Error detail: Failed to commit metaspace.
# Possible reasons:
#   The system is out of physical RAM or swap space
#   This process is running with CompressedOops enabled, and the Java Heap may be blocking the growth of the native heap
# Possible solutions:
#   Reduce memory load on the system
#   Increase physical memory or swap space
#   Check if swap backing store is full
#   Decrease Java heap size (-Xmx/-Xms)
#   Decrease number of Java threads
#   Decrease Java thread stack sizes (-Xss)
#   Set larger code cache with -XX:ReservedCodeCacheSize=
#   JVM is running with Unscaled Compressed Oops mode in which the Java heap is
#     placed in the first 4GB address space. The Java Heap base address is the
#     maximum limit for the native heap growth. Please use -XX:HeapBaseMinAddress
#     to set the Java Heap base and to place the Java Heap above 4GB virtual address.
# This output file may be truncated or incomplete.
#
#  Out of Memory Error (virtualSpaceNode.cpp:112), pid=40448, tid=46888
#
# JRE version: Java(TM) SE Runtime Environment (22.0.1+8) (build 22.0.1+8-16)
# Java VM: Java HotSpot(TM) 64-Bit Server VM (22.0.1+8-16, mixed mode, sharing, tiered, compressed oops, compressed class ptrs, g1 gc, windows-amd64)
# No core dump will be written. Minidumps are not enabled by default on client versions of Windows
#

---------------  S U M M A R Y ------------

Command Line: -Dfile.encoding=UTF-8 --module-path=C:\Users\Dell\OneDrive - Universidad Tecnologica Centroamericana\Documentos\NetBeans\Steam\build\classes Codee.Main

Host: 11th Gen Intel(R) Core(TM) i5-1135G7 @ 2.40GHz, 8 cores, 7G,  Windows 11 , 64 bit Build 22621 (10.0.22621.4391)
Time: Sat Nov 30 17:06:17 2024 Hora estándar, América Central elapsed time: 0.647508 seconds (0d 0h 0m 0s)

---------------  T H R E A D  ---------------

Current thread (0x0000020edb8f9810):  JavaThread "main"             [_thread_in_vm, id=46888, stack(0x000000c15f800000,0x000000c15f900000) (1024K)]

Stack: [0x000000c15f800000,0x000000c15f900000]
Native frames: (J=compiled Java code, j=interpreted, Vv=VM code, C=native code)
V  [jvm.dll+0x6e2279]  (no source info available)
V  [jvm.dll+0x874e33]  (no source info available)
V  [jvm.dll+0x87725e]  (no source info available)
V  [jvm.dll+0x877933]  (no source info available)
V  [jvm.dll+0x27fd76]  (no source info available)
V  [jvm.dll+0x870a7e]  (no source info available)
V  [jvm.dll+0x6852e5]  (no source info available)
V  [jvm.dll+0x68534a]  (no source info available)
V  [jvm.dll+0x687b8a]  (no source info available)
V  [jvm.dll+0x2250ac]  (no source info available)
V  [jvm.dll+0x685cfe]  (no source info available)
V  [jvm.dll+0x26b217]  (no source info available)
V  [jvm.dll+0x211028]  (no source info available)
V  [jvm.dll+0x215d20]  (no source info available)
V  [jvm.dll+0x20b4ee]  (no source info available)
V  [jvm.dll+0x5c462f]  (no source info available)
V  [jvm.dll+0x21cc6a]  (no source info available)
V  [jvm.dll+0x7eb6dc]  (no source info available)
V  [jvm.dll+0x7ec776]  (no source info available)
V  [jvm.dll+0x7ecd84]  (no source info available)
V  [jvm.dll+0x7eca08]  (no source info available)
V  [jvm.dll+0x47bdc9]  (no source info available)
V  [jvm.dll+0x44a966]  (no source info available)
C  [awt.dll+0x9a15c]  (no source info available)
C  0x0000020eed44d0c7  (no source info available)

The last pc belongs to native method entry point (kind = native) (printed below).
Java frames: (J=compiled Java code, j=interpreted, Vv=VM code)
j  java.awt.Component.initIDs()V+0 java.desktop@22.0.1
j  java.awt.Component.<clinit>()V+102 java.desktop@22.0.1
v  ~StubRoutines::call_stub 0x0000020eed44100d
j  Codee.Main.main([Ljava/lang/String;)V+8
v  ~StubRoutines::call_stub 0x0000020eed44100d
native method entry point (kind = native)  [0x0000020eed44cca0, 0x0000020eed44d8c0]  3104 bytes
[MachCode]
  0x0000020eed44cca0: 488b 4b08 | 0fb7 492e | 584c 8d74 | ccf8 6800 | 0000 0068 | 0000 0000 | 5055 488b | ec41 5568 
  0x0000020eed44ccc0: 0000 0000 | 4c8b 6b08 | 4d8d 6d38 | 5348 8b53 | 0848 8b52 | 0848 8b52 | 1848 8b52 | 7048 8b12 
  0x0000020eed44cce0: 5248 8b53 | 1048 85d2 | 0f84 0700 | 0000 4881 | c210 0100 | 0052 488b | 5308 488b | 5208 488b 
  0x0000020eed44cd00: 5210 5249 | 8bc6 482b | c548 c1e8 | 0350 6800 | 0000 0068 | f7ff ffff | 41c6 8781 | 0400 0001 
  0x0000020eed44cd20: 488b 4310 | 4885 c074 | 208b 88cc | 0000 0083 | c102 8988 | cc00 0000 | 2388 e000 | 0000 0f84 
  0x0000020eed44cd40: cb0a 0000 | e9cf 0000 | 0048 8b43 | 1848 85c0 | 0f85 b000 | 0000 e805 | 0000 00e9 | 9900 0000 
  0x0000020eed44cd60: 488b d348 | 8d44 2408 | 4c89 6dc0 | 498b cfc5 | f877 4989 | afb0 0300 | 0049 8987 | a003 0000 
  0x0000020eed44cd80: 4883 ec20 | 40f6 c40f | 0f84 1900 | 0000 4883 | ec08 48b8 | a0a3 28d8 | fd7f 0000 | ffd0 4883 
  0x0000020eed44cda0: c408 e90c | 0000 0048 | b8a0 a328 | d8fd 7f00 | 00ff d048 | 83c4 2049 | c787 a003 | 0000 0000 
  0x0000020eed44cdc0: 0000 49c7 | 87b0 0300 | 0000 0000 | 0049 c787 | a803 0000 | 0000 0000 | c5f8 7749 | 837f 0800 
  0x0000020eed44cde0: 0f84 0500 | 0000 e915 | 41ff ff4c | 8b6d c04c | 8b75 c84e | 8d74 f500 | c348 8b43 | 1848 85c0 
  0x0000020eed44ce00: 0f84 1200 | 0000 8b48 | 0883 c102 | 8948 0823 | 481c 0f84 | f709 0000 | 493b a7f0 | 0400 000f 
  0x0000020eed44ce20: 8748 0000 | 0089 8424 | 00f0 ffff | 8984 2400 | e0ff ff89 | 8424 00d0 | ffff 8984 | 2400 c0ff 
  0x0000020eed44ce40: ff89 8424 | 00b0 ffff | 8984 2400 | a0ff ff89 | 8424 0090 | ffff 8984 | 2400 80ff | ff49 3ba7 
  0x0000020eed44ce60: e804 0000 | 7607 4989 | a7f0 0400 | 0041 c687 | 8104 0000 | 0049 ba9c | 30af d8fd | 7f00 0041 
  0x0000020eed44ce80: 803a 000f | 843e 0000 | 0048 8b55 | e849 8bcf | 4883 ec20 | 40f6 c40f | 0f84 1900 | 0000 4883 
  0x0000020eed44cea0: ec08 48b8 | 40b5 5fd8 | fd7f 0000 | ffd0 4883 | c408 e90c | 0000 0048 | b840 b55f | d8fd 7f00 
  0x0000020eed44cec0: 00ff d048 | 83c4 2048 | 8b5d e84c | 8b5b 0845 | 0fb7 5b2e | 41c1 e303 | 492b e348 | 83ec 2048 
  0x0000020eed44cee0: 83e4 f04c | 8b5b 604d | 85db 0f85 | ab00 0000 | e805 0000 | 00e9 9900 | 0000 488b | d348 8d44 
  0x0000020eed44cf00: 2408 4c89 | 6dc0 498b | cfc5 f877 | 4989 afb0 | 0300 0049 | 8987 a003 | 0000 4883 | ec20 40f6 
  0x0000020eed44cf20: c40f 0f84 | 1900 0000 | 4883 ec08 | 48b8 c0ca | 28d8 fd7f | 0000 ffd0 | 4883 c408 | e90c 0000 
  0x0000020eed44cf40: 0048 b8c0 | ca28 d8fd | 7f00 00ff | d048 83c4 | 2049 c787 | a003 0000 | 0000 0000 | 49c7 87b0 
  0x0000020eed44cf60: 0300 0000 | 0000 0049 | c787 a803 | 0000 0000 | 0000 c5f8 | 7749 837f | 0800 0f84 | 0500 0000 
  0x0000020eed44cf80: e97b 3fff | ff4c 8b6d | c04c 8b75 | c84e 8d74 | f500 c348 | 8b5d e84c | 8b5b 6041 | ffd3 488b 
  0x0000020eed44cfa0: 5de8 4889 | 4518 448b | 5b28 41f6 | c308 0f84 | 1b00 0000 | 4c8b 5b08 | 4d8b 5b08 | 4d8b 5b18 
  0x0000020eed44cfc0: 4d8b 5b70 | 4d8b 1b4c | 895d 1048 | 8d55 1048 | 8b43 5849 | ba40 0c60 | d8fd 7f00 | 0049 3bc2 
  0x0000020eed44cfe0: 0f85 ab00 | 0000 e805 | 0000 00e9 | 9900 0000 | 488b d348 | 8d44 2408 | 4c89 6dc0 | 498b cfc5 
  0x0000020eed44d000: f877 4989 | afb0 0300 | 0049 8987 | a003 0000 | 4883 ec20 | 40f6 c40f | 0f84 1900 | 0000 4883 
  0x0000020eed44d020: ec08 48b8 | c0ca 28d8 | fd7f 0000 | ffd0 4883 | c408 e90c | 0000 0048 | b8c0 ca28 | d8fd 7f00 
  0x0000020eed44d040: 00ff d048 | 83c4 2049 | c787 a003 | 0000 0000 | 0000 49c7 | 87b0 0300 | 0000 0000 | 0049 c787 
  0x0000020eed44d060: a803 0000 | 0000 0000 | c5f8 7749 | 837f 0800 | 0f84 0500 | 0000 e985 | 3eff ff4c | 8b6d c04c 
  0x0000020eed44d080: 8b75 c84e | 8d74 f500 | c348 8b5d | e848 8b43 | 5849 8d8f | c003 0000 | c5f8 7749 | 89af b003 
  0x0000020eed44d0a0: 0000 49ba | 98d0 44ed | 0e02 0000 | 4d89 97a8 | 0300 0049 | 89a7 a003 | 0000 41c7 | 8754 0400 
  0x0000020eed44d0c0: 0004 0000 | 00ff d0c5 | f877 4883 | ec10 c5fb | 1104 2448 | 83ec 1048 | 8904 2448 | c744 2408 
  0x0000020eed44d0e0: 0000 0000 | 41c7 8754 | 0400 0005 | 0000 00f0 | 8344 24c0 | 0049 3baf | 5804 0000 | 0f87 0e00 
  0x0000020eed44d100: 0000 4183 | bf50 0400 | 0000 0f84 | 2000 0000 | 498b cf4c | 8be4 4883 | ec20 4883 | e4f0 48b8 
  0x0000020eed44d120: d01e 2ad8 | fd7f 0000 | ffd0 498b | e44d 33e4 | 41c7 8754 | 0400 0008 | 0000 0049 | c787 a003 
  0x0000020eed44d140: 0000 0000 | 0000 49c7 | 87b0 0300 | 0000 0000 | 0049 c787 | a803 0000 | 0000 0000 | c5f8 774d 
  0x0000020eed44d160: 8b9f 3004 | 0000 41c7 | 8300 0100 | 0000 0000 | 0049 bb1a | a544 ed0e | 0200 004c | 3b5d 180f 
  0x0000020eed44d180: 8524 0300 | 0048 8b04 | 2448 83c4 | 1048 85c0 | 0f84 fe02 | 0000 a803 | 0f85 0800 | 0000 488b 
  0x0000020eed44d1a0: 00e9 ee02 | 0000 a801 | 0f85 0900 | 0000 488b | 40fe e9dd | 0200 0048 | 8b40 ff41 | 807f 3800 
  0x0000020eed44d1c0: 0f84 ce02 | 0000 4883 | f800 0f84 | c402 0000 | 4d8b 5f28 | 4983 fb00 | 0f84 1400 | 0000 4983 
  0x0000020eed44d1e0: eb08 4d89 | 5f28 4d03 | 5f30 4989 | 03e9 a202 | 0000 4881 | ec50 0100 | 0048 8904 | 2448 894c 
  0x0000020eed44d200: 2408 4889 | 5424 1048 | 8974 2418 | 4889 7c24 | 204c 8944 | 2428 4c89 | 4c24 304c | 8954 2438 
  0x0000020eed44d220: 4c89 5c24 | 40c5 fb11 | 4424 50c5 | fb11 4c24 | 58c5 fb11 | 5424 60c5 | fb11 5c24 | 68c5 fb11 
  0x0000020eed44d240: 6424 70c5 | fb11 6c24 | 78c5 fb11 | b424 8000 | 0000 c5fb | 11bc 2488 | 0000 00c5 | 7b11 8424 
  0x0000020eed44d260: 9000 0000 | c57b 118c | 2498 0000 | 00c5 7b11 | 9424 a000 | 0000 c57b | 119c 24a8 | 0000 00c5 
  0x0000020eed44d280: 7b11 a424 | b000 0000 | c57b 11ac | 24b8 0000 | 00c5 7b11 | b424 c000 | 0000 c57b | 11bc 24c8 
  0x0000020eed44d2a0: 0000 0062 | e1ff 0811 | 4424 1a62 | e1ff 0811 | 4c24 1b62 | e1ff 0811 | 5424 1c62 | e1ff 0811 
  0x0000020eed44d2c0: 5c24 1d62 | e1ff 0811 | 6424 1e62 | e1ff 0811 | 6c24 1f62 | e1ff 0811 | 7424 2062 | e1ff 0811 
  0x0000020eed44d2e0: 7c24 2162 | 61ff 0811 | 4424 2262 | 61ff 0811 | 4c24 2362 | 61ff 0811 | 5424 2462 | 61ff 0811 
  0x0000020eed44d300: 5c24 2562 | 61ff 0811 | 6424 2662 | 61ff 0811 | 6c24 2762 | 61ff 0811 | 7424 2862 | 61ff 0811 
  0x0000020eed44d320: 7c24 2949 | 8bd7 488b | c848 83ec | 2040 f6c4 | 0f0f 8419 | 0000 0048 | 83ec 0848 | b8e0 3e1d 
  0x0000020eed44d340: d8fd 7f00 | 00ff d048 | 83c4 08e9 | 0c00 0000 | 48b8 e03e | 1dd8 fd7f | 0000 ffd0 | 4883 c420 
  0x0000020eed44d360: 6261 ff08 | 107c 2429 | 6261 ff08 | 1074 2428 | 6261 ff08 | 106c 2427 | 6261 ff08 | 1064 2426 
  0x0000020eed44d380: 6261 ff08 | 105c 2425 | 6261 ff08 | 1054 2424 | 6261 ff08 | 104c 2423 | 6261 ff08 | 1044 2422 
  0x0000020eed44d3a0: 62e1 ff08 | 107c 2421 | 62e1 ff08 | 1074 2420 | 62e1 ff08 | 106c 241f | 62e1 ff08 | 1064 241e 
  0x0000020eed44d3c0: 62e1 ff08 | 105c 241d | 62e1 ff08 | 1054 241c | 62e1 ff08 | 104c 241b | 62e1 ff08 | 1044 241a 
  0x0000020eed44d3e0: c57b 10bc | 24c8 0000 | 00c5 7b10 | b424 c000 | 0000 c57b | 10ac 24b8 | 0000 00c5 | 7b10 a424 
  0x0000020eed44d400: b000 0000 | c57b 109c | 24a8 0000 | 00c5 7b10 | 9424 a000 | 0000 c57b | 108c 2498 | 0000 00c5 
  0x0000020eed44d420: 7b10 8424 | 9000 0000 | c5fb 10bc | 2488 0000 | 00c5 fb10 | b424 8000 | 0000 c5fb | 106c 2478 
  0x0000020eed44d440: c5fb 1064 | 2470 c5fb | 105c 2468 | c5fb 1054 | 2460 c5fb | 104c 2458 | c5fb 1044 | 2450 4c8b 
  0x0000020eed44d460: 5c24 404c | 8b54 2438 | 4c8b 4c24 | 304c 8b44 | 2428 488b | 7c24 2048 | 8b74 2418 | 488b 5424 
  0x0000020eed44d480: 1048 8b4c | 2408 488b | 0424 4881 | c450 0100 | 00c5 f877 | 4889 4510 | 4883 ec10 | 4889 0424 
  0x0000020eed44d4a0: 48c7 4424 | 0800 0000 | 0041 83bf | d004 0000 | 020f 85bf | 0000 0048 | 81ec 8000 | 0000 4889 
  0x0000020eed44d4c0: 4424 7848 | 894c 2470 | 4889 5424 | 6848 895c | 2460 4889 | 6c24 5048 | 8974 2448 | 4889 7c24 
  0x0000020eed44d4e0: 404c 8944 | 2438 4c89 | 4c24 304c | 8954 2428 | 4c89 5c24 | 204c 8964 | 2418 4c89 | 6c24 104c 
  0x0000020eed44d500: 8974 2408 | 4c89 3c24 | 4c8b e448 | 83ec 2048 | 83e4 f048 | b890 ed5f | d8fd 7f00 | 00ff d049 
  0x0000020eed44d520: 8be4 4c8b | 3c24 4c8b | 7424 084c | 8b6c 2410 | 4c8b 6424 | 184c 8b5c | 2420 4c8b | 5424 284c 
  0x0000020eed44d540: 8b4c 2430 | 4c8b 4424 | 3848 8b7c | 2440 488b | 7424 4848 | 8b6c 2450 | 488b 5c24 | 6048 8b54 
  0x0000020eed44d560: 2468 488b | 4c24 7048 | 8b44 2478 | 4881 c480 | 0000 004d | 33e4 488b | 5de8 4c8b | 6b08 4d8d 
  0x0000020eed44d580: 6d38 4983 | 7f08 000f | 84bb 0000 | 00e8 0500 | 0000 e996 | 0000 0048 | 8d44 2408 | 4c89 6dc0 
  0x0000020eed44d5a0: 498b cfc5 | f877 4989 | afb0 0300 | 0049 8987 | a003 0000 | 4883 ec20 | 40f6 c40f | 0f84 1900 
  0x0000020eed44d5c0: 0000 4883 | ec08 48b8 | 00e9 28d8 | fd7f 0000 | ffd0 4883 | c408 e90c | 0000 0048 | b800 e928 
  0x0000020eed44d5e0: d8fd 7f00 | 00ff d048 | 83c4 2049 | c787 a003 | 0000 0000 | 0000 49c7 | 87b0 0300 | 0000 0000 
  0x0000020eed44d600: 0049 c787 | a803 0000 | 0000 0000 | c5f8 7749 | 837f 0800 | 0f84 0500 | 0000 e9e1 | 38ff ff4c 
  0x0000020eed44d620: 8b6d c04c | 8b75 c84e | 8d74 f500 | c348 b9c0 | 1887 d8fd | 7f00 0048 | 83e4 f048 | b8c0 944e 
  0x0000020eed44d640: d8fd 7f00 | 00ff d0f4 | 448b 5b28 | 41f6 c320 | 0f84 4401 | 0000 488d | 55a8 4c8b | 5a08 4d85 
  0x0000020eed44d660: db0f 85bb | 0000 00e8 | 0500 0000 | e996 0000 | 0048 8d44 | 2408 4c89 | 6dc0 498b | cfc5 f877 
  0x0000020eed44d680: 4989 afb0 | 0300 0049 | 8987 a003 | 0000 4883 | ec20 40f6 | c40f 0f84 | 1900 0000 | 4883 ec08 
  0x0000020eed44d6a0: 48b8 30e8 | 28d8 fd7f | 0000 ffd0 | 4883 c408 | e90c 0000 | 0048 b830 | e828 d8fd | 7f00 00ff 
  0x0000020eed44d6c0: d048 83c4 | 2049 c787 | a003 0000 | 0000 0000 | 49c7 87b0 | 0300 0000 | 0000 0049 | c787 a803 
  0x0000020eed44d6e0: 0000 0000 | 0000 c5f8 | 7749 837f | 0800 0f84 | 0500 0000 | e907 38ff | ff4c 8b6d | c04c 8b75 
  0x0000020eed44d700: c84e 8d74 | f500 c348 | b9c0 1887 | d8fd 7f00 | 0048 83e4 | f048 b8c0 | 944e d8fd | 7f00 00ff 
  0x0000020eed44d720: d0f4 4c89 | 6dc0 488d | 024c 8b4a | 0848 c742 | 0800 0000 | 004c 8b00 | 4d85 c00f | 840b 0000 
  0x0000020eed44d740: 00f0 4d0f | b101 0f85 | 0c00 0000 | 49ff 8f58 | 0500 00e9 | 3e00 0000 | 4c89 4a08 | 488b ca48 
  0x0000020eed44d760: 83ec 2040 | f6c4 0f0f | 8419 0000 | 0048 83ec | 0848 b8c0 | ba28 d8fd | 7f00 00ff | d048 83c4 
  0x0000020eed44d780: 08e9 0c00 | 0000 48b8 | c0ba 28d8 | fd7f 0000 | ffd0 4883 | c420 4c8b | 6dc0 49ba | 9c30 afd8 
  0x0000020eed44d7a0: fd7f 0000 | 4180 3a00 | 0f84 3e00 | 0000 488b | 55e8 498b | cf48 83ec | 2040 f6c4 | 0f0f 8419 
  0x0000020eed44d7c0: 0000 0048 | 83ec 0848 | b840 b55f | d8fd 7f00 | 00ff d048 | 83c4 08e9 | 0c00 0000 | 48b8 40b5 
  0x0000020eed44d7e0: 5fd8 fd7f | 0000 ffd0 | 4883 c420 | 488b 0424 | 4883 c410 | c5fb 1004 | 2448 83c4 | 104c 8b5d 
  0x0000020eed44d800: 1841 ffd3 | 4c8b 5df8 | c95f 498b | e3ff e7ba | 0000 0000 | e805 0000 | 00e9 9600 | 0000 488d 
  0x0000020eed44d820: 4424 084c | 896d c049 | 8bcf c5f8 | 7749 89af | b003 0000 | 4989 87a0 | 0300 0048 | 83ec 2040 
  0x0000020eed44d840: f6c4 0f0f | 8419 0000 | 0048 83ec | 0848 b880 | ae28 d8fd | 7f00 00ff | d048 83c4 | 08e9 0c00 
  0x0000020eed44d860: 0000 48b8 | 80ae 28d8 | fd7f 0000 | ffd0 4883 | c420 49c7 | 87a0 0300 | 0000 0000 | 0049 c787 
  0x0000020eed44d880: b003 0000 | 0000 0000 | 49c7 87a8 | 0300 0000 | 0000 00c5 | f877 4983 | 7f08 000f | 8405 0000 
  0x0000020eed44d8a0: 00e9 5a36 | ffff 4c8b | 6dc0 4c8b | 75c8 4e8d | 74f5 00c3 | 488b 5de8 | e95b f5ff | ff66 6690 
[/MachCode]

---------------  P R O C E S S  ---------------

Threads class SMR info:
_java_thread_list=0x0000020ec524fd00, length=11, elements={
0x0000020edb8f9810, 0x0000020efa321960, 0x0000020efa3224b0, 0x0000020efa324360,
0x0000020efa324eb0, 0x0000020efa325a00, 0x0000020efa326550, 0x0000020efa32f2a0,
0x0000020efa332000, 0x0000020ec5205990, 0x0000020ec55600b0
}

Java Threads: ( => current thread )
=>0x0000020edb8f9810 JavaThread "main"                              [_thread_in_vm, id=46888, stack(0x000000c15f800000,0x000000c15f900000) (1024K)]
  0x0000020efa321960 JavaThread "Reference Handler"          daemon [_thread_blocked, id=28608, stack(0x000000c160000000,0x000000c160100000) (1024K)]
  0x0000020efa3224b0 JavaThread "Finalizer"                  daemon [_thread_blocked, id=46876, stack(0x000000c160100000,0x000000c160200000) (1024K)]
  0x0000020efa324360 JavaThread "Signal Dispatcher"          daemon [_thread_blocked, id=19552, stack(0x000000c160200000,0x000000c160300000) (1024K)]
  0x0000020efa324eb0 JavaThread "Attach Listener"            daemon [_thread_blocked, id=30696, stack(0x000000c160300000,0x000000c160400000) (1024K)]
  0x0000020efa325a00 JavaThread "Service Thread"             daemon [_thread_blocked, id=52416, stack(0x000000c160400000,0x000000c160500000) (1024K)]
  0x0000020efa326550 JavaThread "Monitor Deflation Thread"   daemon [_thread_blocked, id=47112, stack(0x000000c160500000,0x000000c160600000) (1024K)]
  0x0000020efa32f2a0 JavaThread "C2 CompilerThread0"         daemon [_thread_blocked, id=29812, stack(0x000000c160600000,0x000000c160700000) (1024K)]
  0x0000020efa332000 JavaThread "C1 CompilerThread0"         daemon [_thread_blocked, id=32856, stack(0x000000c160700000,0x000000c160800000) (1024K)]
  0x0000020ec5205990 JavaThread "Common-Cleaner"             daemon [_thread_blocked, id=45120, stack(0x000000c160800000,0x000000c160900000) (1024K)]
  0x0000020ec55600b0 JavaThread "Notification Thread"        daemon [_thread_blocked, id=16700, stack(0x000000c160900000,0x000000c160a00000) (1024K)]
Total: 11

Other Threads:
  0x0000020efa301a40 VMThread "VM Thread"                           [id=39872, stack(0x000000c15ff00000,0x000000c160000000) (1024K)]
  0x0000020efa2e7d10 WatcherThread "VM Periodic Task Thread"        [id=49068, stack(0x000000c15fe00000,0x000000c15ff00000) (1024K)]
  0x0000020eddc1ca50 WorkerThread "GC Thread#0"                     [id=17272, stack(0x000000c15f900000,0x000000c15fa00000) (1024K)]
  0x0000020eddc2d240 ConcurrentGCThread "G1 Main Marker"            [id=31040, stack(0x000000c15fa00000,0x000000c15fb00000) (1024K)]
  0x0000020eddc2df00 WorkerThread "G1 Conc#0"                       [id=55904, stack(0x000000c15fb00000,0x000000c15fc00000) (1024K)]
  0x0000020efa1bb520 ConcurrentGCThread "G1 Refine#0"               [id=33148, stack(0x000000c15fc00000,0x000000c15fd00000) (1024K)]
  0x0000020efa1bc0a0 ConcurrentGCThread "G1 Service"                [id=36520, stack(0x000000c15fd00000,0x000000c15fe00000) (1024K)]
Total: 7

Threads with active compile tasks:
Total: 0

VM state: not at safepoint (normal execution)

VM Mutex/Monitor currently owned by a thread:  ([mutex/lock_event])
[0x00007ffdd8b19b38] Metaspace_lock - owner thread: 0x0000020edb8f9810

Heap address: 0x0000000084000000, size: 1984 MB, Compressed Oops mode: 32-bit

CDS archive(s) mapped at: [0x0000020e80000000-0x0000020e80c60000-0x0000020e80c60000), size 12976128, SharedBaseAddress: 0x0000020e80000000, ArchiveRelocationMode: 1.
Compressed class space mapped at: 0x0000020e81000000-0x0000020ec1000000, reserved size: 1073741824
Narrow klass base: 0x0000020e80000000, Narrow klass shift: 0, Narrow klass range: 0x41000000

GC Precious Log:
 CardTable entry size: 512
 Card Set container configuration: InlinePtr #cards 5 size 8 Array Of Cards #cards 12 size 40 Howl #buckets 4 coarsen threshold 1843 Howl Bitmap #cards 512 size 80 coarsen threshold 460 Card regions per heap region 1 cards per card region 2048
 CPUs: 8 total, 8 available
 Memory: 7934M
 Large Page Support: Disabled
 NUMA Support: Disabled
 Compressed Oops: Enabled (32-bit)
 Heap Region Size: 1M
 Heap Min Capacity: 8M
 Heap Initial Capacity: 124M
 Heap Max Capacity: 1984M
 Pre-touch: Disabled
 Parallel Workers: 8
 Concurrent Workers: 2
 Concurrent Refinement Workers: 8
 Periodic GC: Disabled

Heap:
 garbage-first heap   total reserved 2031616K, committed 126976K, used 3072K [0x0000000084000000, 0x0000000100000000)
  region size 1024K, 4 young (4096K), 0 survivors (0K)
 Metaspace       used 1348K, committed 1472K, reserved 1114112K
  class space    used 126K, committed 192K, reserved 1048576K

Heap Regions: E=young(eden), S=young(survivor), O=old, HS=humongous(starts), HC=humongous(continues), CS=collection set, F=free, TAMS=top-at-mark-start, PB=parsable bottom
|   0|0x0000000084000000, 0x0000000084000000, 0x0000000084100000|  0%| F|  |TAMS 0x0000000084000000| PB 0x0000000084000000| Untracked |  0
|   1|0x0000000084100000, 0x0000000084100000, 0x0000000084200000|  0%| F|  |TAMS 0x0000000084100000| PB 0x0000000084100000| Untracked |  0
|   2|0x0000000084200000, 0x0000000084200000, 0x0000000084300000|  0%| F|  |TAMS 0x0000000084200000| PB 0x0000000084200000| Untracked |  0
|   3|0x0000000084300000, 0x0000000084300000, 0x0000000084400000|  0%| F|  |TAMS 0x0000000084300000| PB 0x0000000084300000| Untracked |  0
|   4|0x0000000084400000, 0x0000000084400000, 0x0000000084500000|  0%| F|  |TAMS 0x0000000084400000| PB 0x0000000084400000| Untracked |  0
|   5|0x0000000084500000, 0x0000000084500000, 0x0000000084600000|  0%| F|  |TAMS 0x0000000084500000| PB 0x0000000084500000| Untracked |  0
|   6|0x0000000084600000, 0x0000000084600000, 0x0000000084700000|  0%| F|  |TAMS 0x0000000084600000| PB 0x0000000084600000| Untracked |  0
|   7|0x0000000084700000, 0x0000000084700000, 0x0000000084800000|  0%| F|  |TAMS 0x0000000084700000| PB 0x0000000084700000| Untracked |  0
|   8|0x0000000084800000, 0x0000000084800000, 0x0000000084900000|  0%| F|  |TAMS 0x0000000084800000| PB 0x0000000084800000| Untracked |  0
|   9|0x0000000084900000, 0x0000000084900000, 0x0000000084a00000|  0%| F|  |TAMS 0x0000000084900000| PB 0x0000000084900000| Untracked |  0
|  10|0x0000000084a00000, 0x0000000084a00000, 0x0000000084b00000|  0%| F|  |TAMS 0x0000000084a00000| PB 0x0000000084a00000| Untracked |  0
|  11|0x0000000084b00000, 0x0000000084b00000, 0x0000000084c00000|  0%| F|  |TAMS 0x0000000084b00000| PB 0x0000000084b00000| Untracked |  0
|  12|0x0000000084c00000, 0x0000000084c00000, 0x0000000084d00000|  0%| F|  |TAMS 0x0000000084c00000| PB 0x0000000084c00000| Untracked |  0
|  13|0x0000000084d00000, 0x0000000084d00000, 0x0000000084e00000|  0%| F|  |TAMS 0x0000000084d00000| PB 0x0000000084d00000| Untracked |  0
|  14|0x0000000084e00000, 0x0000000084e00000, 0x0000000084f00000|  0%| F|  |TAMS 0x0000000084e00000| PB 0x0000000084e00000| Untracked |  0
|  15|0x0000000084f00000, 0x0000000084f00000, 0x0000000085000000|  0%| F|  |TAMS 0x0000000084f00000| PB 0x0000000084f00000| Untracked |  0
|  16|0x0000000085000000, 0x0000000085000000, 0x0000000085100000|  0%| F|  |TAMS 0x0000000085000000| PB 0x0000000085000000| Untracked |  0
|  17|0x0000000085100000, 0x0000000085100000, 0x0000000085200000|  0%| F|  |TAMS 0x0000000085100000| PB 0x0000000085100000| Untracked |  0
|  18|0x0000000085200000, 0x0000000085200000, 0x0000000085300000|  0%| F|  |TAMS 0x0000000085200000| PB 0x0000000085200000| Untracked |  0
|  19|0x0000000085300000, 0x0000000085300000, 0x0000000085400000|  0%| F|  |TAMS 0x0000000085300000| PB 0x0000000085300000| Untracked |  0
|  20|0x0000000085400000, 0x0000000085400000, 0x0000000085500000|  0%| F|  |TAMS 0x0000000085400000| PB 0x0000000085400000| Untracked |  0
|  21|0x0000000085500000, 0x0000000085500000, 0x0000000085600000|  0%| F|  |TAMS 0x0000000085500000| PB 0x0000000085500000| Untracked |  0
|  22|0x0000000085600000, 0x0000000085600000, 0x0000000085700000|  0%| F|  |TAMS 0x0000000085600000| PB 0x0000000085600000| Untracked |  0
|  23|0x0000000085700000, 0x0000000085700000, 0x0000000085800000|  0%| F|  |TAMS 0x0000000085700000| PB 0x0000000085700000| Untracked |  0
|  24|0x0000000085800000, 0x0000000085800000, 0x0000000085900000|  0%| F|  |TAMS 0x0000000085800000| PB 0x0000000085800000| Untracked |  0
|  25|0x0000000085900000, 0x0000000085900000, 0x0000000085a00000|  0%| F|  |TAMS 0x0000000085900000| PB 0x0000000085900000| Untracked |  0
|  26|0x0000000085a00000, 0x0000000085a00000, 0x0000000085b00000|  0%| F|  |TAMS 0x0000000085a00000| PB 0x0000000085a00000| Untracked |  0
|  27|0x0000000085b00000, 0x0000000085b00000, 0x0000000085c00000|  0%| F|  |TAMS 0x0000000085b00000| PB 0x0000000085b00000| Untracked |  0
|  28|0x0000000085c00000, 0x0000000085c00000, 0x0000000085d00000|  0%| F|  |TAMS 0x0000000085c00000| PB 0x0000000085c00000| Untracked |  0
|  29|0x0000000085d00000, 0x0000000085d00000, 0x0000000085e00000|  0%| F|  |TAMS 0x0000000085d00000| PB 0x0000000085d00000| Untracked |  0
|  30|0x0000000085e00000, 0x0000000085e00000, 0x0000000085f00000|  0%| F|  |TAMS 0x0000000085e00000| PB 0x0000000085e00000| Untracked |  0
|  31|0x0000000085f00000, 0x0000000085f00000, 0x0000000086000000|  0%| F|  |TAMS 0x0000000085f00000| PB 0x0000000085f00000| Untracked |  0
|  32|0x0000000086000000, 0x0000000086000000, 0x0000000086100000|  0%| F|  |TAMS 0x0000000086000000| PB 0x0000000086000000| Untracked |  0
|  33|0x0000000086100000, 0x0000000086100000, 0x0000000086200000|  0%| F|  |TAMS 0x0000000086100000| PB 0x0000000086100000| Untracked |  0
|  34|0x0000000086200000, 0x0000000086200000, 0x0000000086300000|  0%| F|  |TAMS 0x0000000086200000| PB 0x0000000086200000| Untracked |  0
|  35|0x0000000086300000, 0x0000000086300000, 0x0000000086400000|  0%| F|  |TAMS 0x0000000086300000| PB 0x0000000086300000| Untracked |  0
|  36|0x0000000086400000, 0x0000000086400000, 0x0000000086500000|  0%| F|  |TAMS 0x0000000086400000| PB 0x0000000086400000| Untracked |  0
|  37|0x0000000086500000, 0x0000000086500000, 0x0000000086600000|  0%| F|  |TAMS 0x0000000086500000| PB 0x0000000086500000| Untracked |  0
|  38|0x0000000086600000, 0x0000000086600000, 0x0000000086700000|  0%| F|  |TAMS 0x0000000086600000| PB 0x0000000086600000| Untracked |  0
|  39|0x0000000086700000, 0x0000000086700000, 0x0000000086800000|  0%| F|  |TAMS 0x0000000086700000| PB 0x0000000086700000| Untracked |  0
|  40|0x0000000086800000, 0x0000000086800000, 0x0000000086900000|  0%| F|  |TAMS 0x0000000086800000| PB 0x0000000086800000| Untracked |  0
|  41|0x0000000086900000, 0x0000000086900000, 0x0000000086a00000|  0%| F|  |TAMS 0x0000000086900000| PB 0x0000000086900000| Untracked |  0
|  42|0x0000000086a00000, 0x0000000086a00000, 0x0000000086b00000|  0%| F|  |TAMS 0x0000000086a00000| PB 0x0000000086a00000| Untracked |  0
|  43|0x0000000086b00000, 0x0000000086b00000, 0x0000000086c00000|  0%| F|  |TAMS 0x0000000086b00000| PB 0x0000000086b00000| Untracked |  0
|  44|0x0000000086c00000, 0x0000000086c00000, 0x0000000086d00000|  0%| F|  |TAMS 0x0000000086c00000| PB 0x0000000086c00000| Untracked |  0
|  45|0x0000000086d00000, 0x0000000086d00000, 0x0000000086e00000|  0%| F|  |TAMS 0x0000000086d00000| PB 0x0000000086d00000| Untracked |  0
|  46|0x0000000086e00000, 0x0000000086e00000, 0x0000000086f00000|  0%| F|  |TAMS 0x0000000086e00000| PB 0x0000000086e00000| Untracked |  0
|  47|0x0000000086f00000, 0x0000000086f00000, 0x0000000087000000|  0%| F|  |TAMS 0x0000000086f00000| PB 0x0000000086f00000| Untracked |  0
|  48|0x0000000087000000, 0x0000000087000000, 0x0000000087100000|  0%| F|  |TAMS 0x0000000087000000| PB 0x0000000087000000| Untracked |  0
|  49|0x0000000087100000, 0x0000000087100000, 0x0000000087200000|  0%| F|  |TAMS 0x0000000087100000| PB 0x0000000087100000| Untracked |  0
|  50|0x0000000087200000, 0x0000000087200000, 0x0000000087300000|  0%| F|  |TAMS 0x0000000087200000| PB 0x0000000087200000| Untracked |  0
|  51|0x0000000087300000, 0x0000000087300000, 0x0000000087400000|  0%| F|  |TAMS 0x0000000087300000| PB 0x0000000087300000| Untracked |  0
|  52|0x0000000087400000, 0x0000000087400000, 0x0000000087500000|  0%| F|  |TAMS 0x0000000087400000| PB 0x0000000087400000| Untracked |  0
|  53|0x0000000087500000, 0x0000000087500000, 0x0000000087600000|  0%| F|  |TAMS 0x0000000087500000| PB 0x0000000087500000| Untracked |  0
|  54|0x0000000087600000, 0x0000000087600000, 0x0000000087700000|  0%| F|  |TAMS 0x0000000087600000| PB 0x0000000087600000| Untracked |  0
|  55|0x0000000087700000, 0x0000000087700000, 0x0000000087800000|  0%| F|  |TAMS 0x0000000087700000| PB 0x0000000087700000| Untracked |  0
|  56|0x0000000087800000, 0x0000000087800000, 0x0000000087900000|  0%| F|  |TAMS 0x0000000087800000| PB 0x0000000087800000| Untracked |  0
|  57|0x0000000087900000, 0x0000000087900000, 0x0000000087a00000|  0%| F|  |TAMS 0x0000000087900000| PB 0x0000000087900000| Untracked |  0
|  58|0x0000000087a00000, 0x0000000087a00000, 0x0000000087b00000|  0%| F|  |TAMS 0x0000000087a00000| PB 0x0000000087a00000| Untracked |  0
|  59|0x0000000087b00000, 0x0000000087b00000, 0x0000000087c00000|  0%| F|  |TAMS 0x0000000087b00000| PB 0x0000000087b00000| Untracked |  0
|  60|0x0000000087c00000, 0x0000000087c00000, 0x0000000087d00000|  0%| F|  |TAMS 0x0000000087c00000| PB 0x0000000087c00000| Untracked |  0
|  61|0x0000000087d00000, 0x0000000087d00000, 0x0000000087e00000|  0%| F|  |TAMS 0x0000000087d00000| PB 0x0000000087d00000| Untracked |  0
|  62|0x0000000087e00000, 0x0000000087e00000, 0x0000000087f00000|  0%| F|  |TAMS 0x0000000087e00000| PB 0x0000000087e00000| Untracked |  0
|  63|0x0000000087f00000, 0x0000000087f00000, 0x0000000088000000|  0%| F|  |TAMS 0x0000000087f00000| PB 0x0000000087f00000| Untracked |  0
|  64|0x0000000088000000, 0x0000000088000000, 0x0000000088100000|  0%| F|  |TAMS 0x0000000088000000| PB 0x0000000088000000| Untracked |  0
|  65|0x0000000088100000, 0x0000000088100000, 0x0000000088200000|  0%| F|  |TAMS 0x0000000088100000| PB 0x0000000088100000| Untracked |  0
|  66|0x0000000088200000, 0x0000000088200000, 0x0000000088300000|  0%| F|  |TAMS 0x0000000088200000| PB 0x0000000088200000| Untracked |  0
|  67|0x0000000088300000, 0x0000000088300000, 0x0000000088400000|  0%| F|  |TAMS 0x0000000088300000| PB 0x0000000088300000| Untracked |  0
|  68|0x0000000088400000, 0x0000000088400000, 0x0000000088500000|  0%| F|  |TAMS 0x0000000088400000| PB 0x0000000088400000| Untracked |  0
|  69|0x0000000088500000, 0x0000000088500000, 0x0000000088600000|  0%| F|  |TAMS 0x0000000088500000| PB 0x0000000088500000| Untracked |  0
|  70|0x0000000088600000, 0x0000000088600000, 0x0000000088700000|  0%| F|  |TAMS 0x0000000088600000| PB 0x0000000088600000| Untracked |  0
|  71|0x0000000088700000, 0x0000000088700000, 0x0000000088800000|  0%| F|  |TAMS 0x0000000088700000| PB 0x0000000088700000| Untracked |  0
|  72|0x0000000088800000, 0x0000000088800000, 0x0000000088900000|  0%| F|  |TAMS 0x0000000088800000| PB 0x0000000088800000| Untracked |  0
|  73|0x0000000088900000, 0x0000000088900000, 0x0000000088a00000|  0%| F|  |TAMS 0x0000000088900000| PB 0x0000000088900000| Untracked |  0
|  74|0x0000000088a00000, 0x0000000088a00000, 0x0000000088b00000|  0%| F|  |TAMS 0x0000000088a00000| PB 0x0000000088a00000| Untracked |  0
|  75|0x0000000088b00000, 0x0000000088b00000, 0x0000000088c00000|  0%| F|  |TAMS 0x0000000088b00000| PB 0x0000000088b00000| Untracked |  0
|  76|0x0000000088c00000, 0x0000000088c00000, 0x0000000088d00000|  0%| F|  |TAMS 0x0000000088c00000| PB 0x0000000088c00000| Untracked |  0
|  77|0x0000000088d00000, 0x0000000088d00000, 0x0000000088e00000|  0%| F|  |TAMS 0x0000000088d00000| PB 0x0000000088d00000| Untracked |  0
|  78|0x0000000088e00000, 0x0000000088e00000, 0x0000000088f00000|  0%| F|  |TAMS 0x0000000088e00000| PB 0x0000000088e00000| Untracked |  0
|  79|0x0000000088f00000, 0x0000000088f00000, 0x0000000089000000|  0%| F|  |TAMS 0x0000000088f00000| PB 0x0000000088f00000| Untracked |  0
|  80|0x0000000089000000, 0x0000000089000000, 0x0000000089100000|  0%| F|  |TAMS 0x0000000089000000| PB 0x0000000089000000| Untracked |  0
|  81|0x0000000089100000, 0x0000000089100000, 0x0000000089200000|  0%| F|  |TAMS 0x0000000089100000| PB 0x0000000089100000| Untracked |  0
|  82|0x0000000089200000, 0x0000000089200000, 0x0000000089300000|  0%| F|  |TAMS 0x0000000089200000| PB 0x0000000089200000| Untracked |  0
|  83|0x0000000089300000, 0x0000000089300000, 0x0000000089400000|  0%| F|  |TAMS 0x0000000089300000| PB 0x0000000089300000| Untracked |  0
|  84|0x0000000089400000, 0x0000000089400000, 0x0000000089500000|  0%| F|  |TAMS 0x0000000089400000| PB 0x0000000089400000| Untracked |  0
|  85|0x0000000089500000, 0x0000000089500000, 0x0000000089600000|  0%| F|  |TAMS 0x0000000089500000| PB 0x0000000089500000| Untracked |  0
|  86|0x0000000089600000, 0x0000000089600000, 0x0000000089700000|  0%| F|  |TAMS 0x0000000089600000| PB 0x0000000089600000| Untracked |  0
|  87|0x0000000089700000, 0x0000000089700000, 0x0000000089800000|  0%| F|  |TAMS 0x0000000089700000| PB 0x0000000089700000| Untracked |  0
|  88|0x0000000089800000, 0x0000000089800000, 0x0000000089900000|  0%| F|  |TAMS 0x0000000089800000| PB 0x0000000089800000| Untracked |  0
|  89|0x0000000089900000, 0x0000000089900000, 0x0000000089a00000|  0%| F|  |TAMS 0x0000000089900000| PB 0x0000000089900000| Untracked |  0
|  90|0x0000000089a00000, 0x0000000089a00000, 0x0000000089b00000|  0%| F|  |TAMS 0x0000000089a00000| PB 0x0000000089a00000| Untracked |  0
|  91|0x0000000089b00000, 0x0000000089b00000, 0x0000000089c00000|  0%| F|  |TAMS 0x0000000089b00000| PB 0x0000000089b00000| Untracked |  0
|  92|0x0000000089c00000, 0x0000000089c00000, 0x0000000089d00000|  0%| F|  |TAMS 0x0000000089c00000| PB 0x0000000089c00000| Untracked |  0
|  93|0x0000000089d00000, 0x0000000089d00000, 0x0000000089e00000|  0%| F|  |TAMS 0x0000000089d00000| PB 0x0000000089d00000| Untracked |  0
|  94|0x0000000089e00000, 0x0000000089e00000, 0x0000000089f00000|  0%| F|  |TAMS 0x0000000089e00000| PB 0x0000000089e00000| Untracked |  0
|  95|0x0000000089f00000, 0x0000000089f00000, 0x000000008a000000|  0%| F|  |TAMS 0x0000000089f00000| PB 0x0000000089f00000| Untracked |  0
|  96|0x000000008a000000, 0x000000008a000000, 0x000000008a100000|  0%| F|  |TAMS 0x000000008a000000| PB 0x000000008a000000| Untracked |  0
|  97|0x000000008a100000, 0x000000008a100000, 0x000000008a200000|  0%| F|  |TAMS 0x000000008a100000| PB 0x000000008a100000| Untracked |  0
|  98|0x000000008a200000, 0x000000008a200000, 0x000000008a300000|  0%| F|  |TAMS 0x000000008a200000| PB 0x000000008a200000| Untracked |  0
|  99|0x000000008a300000, 0x000000008a300000, 0x000000008a400000|  0%| F|  |TAMS 0x000000008a300000| PB 0x000000008a300000| Untracked |  0
| 100|0x000000008a400000, 0x000000008a400000, 0x000000008a500000|  0%| F|  |TAMS 0x000000008a400000| PB 0x000000008a400000| Untracked |  0
| 101|0x000000008a500000, 0x000000008a500000, 0x000000008a600000|  0%| F|  |TAMS 0x000000008a500000| PB 0x000000008a500000| Untracked |  0
| 102|0x000000008a600000, 0x000000008a600000, 0x000000008a700000|  0%| F|  |TAMS 0x000000008a600000| PB 0x000000008a600000| Untracked |  0
| 103|0x000000008a700000, 0x000000008a700000, 0x000000008a800000|  0%| F|  |TAMS 0x000000008a700000| PB 0x000000008a700000| Untracked |  0
| 104|0x000000008a800000, 0x000000008a800000, 0x000000008a900000|  0%| F|  |TAMS 0x000000008a800000| PB 0x000000008a800000| Untracked |  0
| 105|0x000000008a900000, 0x000000008a900000, 0x000000008aa00000|  0%| F|  |TAMS 0x000000008a900000| PB 0x000000008a900000| Untracked |  0
| 106|0x000000008aa00000, 0x000000008aa00000, 0x000000008ab00000|  0%| F|  |TAMS 0x000000008aa00000| PB 0x000000008aa00000| Untracked |  0
| 107|0x000000008ab00000, 0x000000008ab00000, 0x000000008ac00000|  0%| F|  |TAMS 0x000000008ab00000| PB 0x000000008ab00000| Untracked |  0
| 108|0x000000008ac00000, 0x000000008ac00000, 0x000000008ad00000|  0%| F|  |TAMS 0x000000008ac00000| PB 0x000000008ac00000| Untracked |  0
| 109|0x000000008ad00000, 0x000000008ad00000, 0x000000008ae00000|  0%| F|  |TAMS 0x000000008ad00000| PB 0x000000008ad00000| Untracked |  0
| 110|0x000000008ae00000, 0x000000008ae00000, 0x000000008af00000|  0%| F|  |TAMS 0x000000008ae00000| PB 0x000000008ae00000| Untracked |  0
| 111|0x000000008af00000, 0x000000008af00000, 0x000000008b000000|  0%| F|  |TAMS 0x000000008af00000| PB 0x000000008af00000| Untracked |  0
| 112|0x000000008b000000, 0x000000008b000000, 0x000000008b100000|  0%| F|  |TAMS 0x000000008b000000| PB 0x000000008b000000| Untracked |  0
| 113|0x000000008b100000, 0x000000008b100000, 0x000000008b200000|  0%| F|  |TAMS 0x000000008b100000| PB 0x000000008b100000| Untracked |  0
| 114|0x000000008b200000, 0x000000008b200000, 0x000000008b300000|  0%| F|  |TAMS 0x000000008b200000| PB 0x000000008b200000| Untracked |  0
| 115|0x000000008b300000, 0x000000008b300000, 0x000000008b400000|  0%| F|  |TAMS 0x000000008b300000| PB 0x000000008b300000| Untracked |  0
| 116|0x000000008b400000, 0x000000008b400000, 0x000000008b500000|  0%| F|  |TAMS 0x000000008b400000| PB 0x000000008b400000| Untracked |  0
| 117|0x000000008b500000, 0x000000008b500000, 0x000000008b600000|  0%| F|  |TAMS 0x000000008b500000| PB 0x000000008b500000| Untracked |  0
| 118|0x000000008b600000, 0x000000008b600000, 0x000000008b700000|  0%| F|  |TAMS 0x000000008b600000| PB 0x000000008b600000| Untracked |  0
| 119|0x000000008b700000, 0x000000008b700000, 0x000000008b800000|  0%| F|  |TAMS 0x000000008b700000| PB 0x000000008b700000| Untracked |  0
| 120|0x000000008b800000, 0x000000008b87ae28, 0x000000008b900000| 48%| E|  |TAMS 0x000000008b800000| PB 0x000000008b800000| Complete |  0
| 121|0x000000008b900000, 0x000000008ba00000, 0x000000008ba00000|100%| E|CS|TAMS 0x000000008b900000| PB 0x000000008b900000| Complete |  0
| 122|0x000000008ba00000, 0x000000008bb00000, 0x000000008bb00000|100%| E|CS|TAMS 0x000000008ba00000| PB 0x000000008ba00000| Complete |  0
| 123|0x000000008bb00000, 0x000000008bc00000, 0x000000008bc00000|100%| E|CS|TAMS 0x000000008bb00000| PB 0x000000008bb00000| Complete |  0

Card table byte_map: [0x0000020ef5620000,0x0000020ef5a00000] _byte_map_base: 0x0000020ef5200000

Marking Bits: (CMBitMap*) 0x0000020eddc1d160
 Bits: [0x0000020ef5a00000, 0x0000020ef7900000)

Polling page: 0x0000020edbb10000

Metaspace:

Usage:
  Non-class:      1.19 MB used.
      Class:    126.47 KB used.
       Both:      1.32 MB used.

Virtual space:
  Non-class space:       64.00 MB reserved,       1.25 MB (  2%) committed,  1 nodes.
      Class space:        1.00 GB reserved,     192.00 KB ( <1%) committed,  1 nodes.
             Both:        1.06 GB reserved,       1.44 MB ( <1%) committed. 

Chunk freelists:
   Non-Class:  11.90 MB
       Class:  15.70 MB
        Both:  27.60 MB

MaxMetaspaceSize: unlimited
CompressedClassSpaceSize: 1.00 GB
Initial GC threshold: 21.00 MB
Current GC threshold: 21.00 MB
CDS: on
 - commit_granule_bytes: 65536.
 - commit_granule_words: 8192.
 - virtual_space_node_default_size: 8388608.
 - enlarge_chunks_in_place: 1.
 - use_allocation_guard: 0.


Internal statistics:

num_allocs_failed_limit: 0.
num_arena_births: 74.
num_arena_deaths: 0.
num_vsnodes_births: 2.
num_vsnodes_deaths: 0.
num_space_committed: 23.
num_space_uncommitted: 0.
num_chunks_returned_to_freelist: 0.
num_chunks_taken_from_freelist: 91.
num_chunk_merges: 0.
num_chunk_splits: 57.
num_chunks_enlarged: 23.
num_inconsistent_stats: 0.

CodeHeap 'non-profiled nmethods': size=120000Kb used=130Kb max_used=130Kb free=119869Kb
 bounds [0x0000020eed9e0000, 0x0000020eedc50000, 0x0000020ef4f10000]
CodeHeap 'profiled nmethods': size=120000Kb used=474Kb max_used=474Kb free=119525Kb
 bounds [0x0000020ee5f10000, 0x0000020ee6180000, 0x0000020eed440000]
CodeHeap 'non-nmethods': size=5760Kb used=1421Kb max_used=1434Kb free=4338Kb
 bounds [0x0000020eed440000, 0x0000020eed6b0000, 0x0000020eed9e0000]
 total_blobs=812 nmethods=398 adapters=319
 compilation: enabled
              stopped_count=0, restarted_count=0
 full_count=0

Compilation events (20 events):
Event: 0.628 Thread 0x0000020efa332000 nmethod 389 0x0000020ee5f84810 code [0x0000020ee5f849c0, 0x0000020ee5f84c38]
Event: 0.628 Thread 0x0000020efa332000  381       1       jdk.internal.util.ClassFileDumper::isEnabled (5 bytes)
Event: 0.628 Thread 0x0000020efa332000 nmethod 381 0x0000020eed9ffc10 code [0x0000020eed9ffda0, 0x0000020eed9ffe70]
Event: 0.628 Thread 0x0000020efa332000  392       3       java.lang.invoke.LambdaForm$BasicType::basicTypeSlots (8 bytes)
Event: 0.629 Thread 0x0000020efa332000 nmethod 392 0x0000020ee5f84e10 code [0x0000020ee5f84fa0, 0x0000020ee5f85118]
Event: 0.629 Thread 0x0000020efa332000  393       3       sun.invoke.util.Wrapper::stackSlots (9 bytes)
Event: 0.629 Thread 0x0000020efa332000 nmethod 393 0x0000020ee5f85210 code [0x0000020ee5f853a0, 0x0000020ee5f854b0]
Event: 0.630 Thread 0x0000020efa332000  394       3       java.lang.invoke.MethodType::parameterSlotCount (8 bytes)
Event: 0.630 Thread 0x0000020efa332000 nmethod 394 0x0000020ee5f85510 code [0x0000020ee5f856a0, 0x0000020ee5f857d0]
Event: 0.630 Thread 0x0000020efa332000  396       3       java.lang.invoke.LambdaForm::parameter (38 bytes)
Event: 0.630 Thread 0x0000020efa332000 nmethod 396 0x0000020ee5f85890 code [0x0000020ee5f85a20, 0x0000020ee5f85b68]
Event: 0.630 Thread 0x0000020efa332000  395       3       java.lang.invoke.LambdaFormBuffer::ownedCount (7 bytes)
Event: 0.630 Thread 0x0000020efa332000 nmethod 395 0x0000020ee5f85c10 code [0x0000020ee5f85da0, 0x0000020ee5f85eb0]
Event: 0.631 Thread 0x0000020efa332000  397       3       jdk.internal.org.objectweb.asm.Frame::getLocal (46 bytes)
Event: 0.631 Thread 0x0000020efa332000 nmethod 397 0x0000020ee5f85f10 code [0x0000020ee5f860c0, 0x0000020ee5f862c8]
Event: 0.631 Thread 0x0000020efa332000  398       3       jdk.internal.org.objectweb.asm.ByteVector::put11 (52 bytes)
Event: 0.632 Thread 0x0000020efa332000 nmethod 398 0x0000020ee5f86390 code [0x0000020ee5f86540, 0x0000020ee5f86748]
Event: 0.634 Thread 0x0000020efa32f2a0 nmethod 384 0x0000020eed9fff10 code [0x0000020eeda000e0, 0x0000020eeda004b0]
Event: 0.634 Thread 0x0000020efa32f2a0  385       4       jdk.internal.org.objectweb.asm.SymbolTable::get (13 bytes)
Event: 0.637 Thread 0x0000020efa32f2a0 nmethod 385 0x0000020eeda00810 code [0x0000020eeda009a0, 0x0000020eeda00aa0]

GC Heap History (0 events):
No events

Dll operation events (7 events):
Event: 0.035 Loaded shared library C:\Program Files\Java\jdk-22\bin\java.dll
Event: 0.153 Loaded shared library C:\Program Files\Java\jdk-22\bin\jsvml.dll
Event: 0.357 Loaded shared library C:\Program Files\Java\jdk-22\bin\net.dll
Event: 0.364 Loaded shared library C:\Program Files\Java\jdk-22\bin\nio.dll
Event: 0.448 Loaded shared library C:\Program Files\Java\jdk-22\bin\zip.dll
Event: 0.536 Loaded shared library C:\Program Files\Java\jdk-22\bin\jimage.dll
Event: 0.587 Loaded shared library C:\Program Files\Java\jdk-22\bin\awt.dll

Deoptimization events (0 events):
No events

Classes loaded (20 events):
Event: 0.636 Loading class java/awt/event/ComponentEvent
Event: 0.637 Loading class java/awt/AWTEvent
Event: 0.637 Loading class java/util/EventObject
Event: 0.637 Loading class java/util/EventObject done
Event: 0.637 Loading class java/awt/AWTEvent done
Event: 0.637 Loading class java/awt/event/ComponentEvent done
Event: 0.637 Loading class java/awt/event/InputEvent done
Event: 0.638 Loading class java/awt/AWTEvent$1
Event: 0.638 Loading class sun/awt/AWTAccessor$AWTEventAccessor
Event: 0.638 Loading class sun/awt/AWTAccessor$AWTEventAccessor done
Event: 0.638 Loading class java/awt/AWTEvent$1 done
Event: 0.639 Loading class java/awt/event/NativeLibLoader
Event: 0.639 Loading class java/awt/event/NativeLibLoader done
Event: 0.639 Loading class java/awt/event/NativeLibLoader$1
Event: 0.639 Loading class java/awt/event/NativeLibLoader$1 done
Event: 0.641 Loading class java/awt/event/InputEvent$1
Event: 0.641 Loading class sun/awt/AWTAccessor$InputEventAccessor
Event: 0.641 Loading class sun/awt/AWTAccessor$InputEventAccessor done
Event: 0.641 Loading class java/awt/event/InputEvent$1 done
Event: 0.642 Loading class sun/awt/windows/WComponentPeer

Classes unloaded (0 events):
No events

Classes redefined (0 events):
No events

Internal exceptions (9 events):
Event: 0.370 Thread 0x0000020edb8f9810 Exception <a 'sun/nio/fs/WindowsException'{0x000000008babd638}> (0x000000008babd638) 
thrown [s\open\src\hotspot\share\prims\jni.cpp, line 520]
Event: 0.385 Thread 0x0000020edb8f9810 Exception <a 'sun/nio/fs/WindowsException'{0x000000008babff40}> (0x000000008babff40) 
thrown [s\open\src\hotspot\share\prims\jni.cpp, line 520]
Event: 0.386 Thread 0x0000020edb8f9810 Exception <a 'sun/nio/fs/WindowsException'{0x000000008bac0b80}> (0x000000008bac0b80) 
thrown [s\open\src\hotspot\share\prims\jni.cpp, line 520]
Event: 0.386 Thread 0x0000020edb8f9810 Exception <a 'sun/nio/fs/WindowsException'{0x000000008bac17c0}> (0x000000008bac17c0) 
thrown [s\open\src\hotspot\share\prims\jni.cpp, line 520]
Event: 0.388 Thread 0x0000020edb8f9810 Exception <a 'sun/nio/fs/WindowsException'{0x000000008bac3420}> (0x000000008bac3420) 
thrown [s\open\src\hotspot\share\prims\jni.cpp, line 520]
Event: 0.388 Thread 0x0000020edb8f9810 Exception <a 'sun/nio/fs/WindowsException'{0x000000008bac4070}> (0x000000008bac4070) 
thrown [s\open\src\hotspot\share\prims\jni.cpp, line 520]
Event: 0.555 Thread 0x0000020edb8f9810 Exception <a 'java/lang/ClassNotFoundException'{0x000000008b9c3338}: sun/awt/resources/spi/awtProvider> (0x000000008b9c3338) 
thrown [s\open\src\hotspot\share\classfile\systemDictionary.cpp, line 313]
Event: 0.612 Thread 0x0000020edb8f9810 Exception <a 'java/io/FileNotFoundException'{0x000000008b80e650}> (0x000000008b80e650) 
thrown [s\open\src\hotspot\share\prims\jni.cpp, line 520]
Event: 0.632 Thread 0x0000020edb8f9810 Exception <a 'java/io/FileNotFoundException'{0x000000008b83c7f0}> (0x000000008b83c7f0) 
thrown [s\open\src\hotspot\share\prims\jni.cpp, line 520]

ZGC Phase Switch (0 events):
No events

VM Operations (2 events):
Event: 0.392 Executing VM operation: HandshakeAllThreads (Deoptimize)
Event: 0.392 Executing VM operation: HandshakeAllThreads (Deoptimize) done

Events (11 events):
Event: 0.092 Thread 0x0000020edb8f9810 Thread added: 0x0000020edb8f9810
Event: 0.141 Thread 0x0000020efa321960 Thread added: 0x0000020efa321960
Event: 0.141 Thread 0x0000020efa3224b0 Thread added: 0x0000020efa3224b0
Event: 0.141 Thread 0x0000020efa324360 Thread added: 0x0000020efa324360
Event: 0.142 Thread 0x0000020efa324eb0 Thread added: 0x0000020efa324eb0
Event: 0.142 Thread 0x0000020efa325a00 Thread added: 0x0000020efa325a00
Event: 0.142 Thread 0x0000020efa326550 Thread added: 0x0000020efa326550
Event: 0.142 Thread 0x0000020efa32f2a0 Thread added: 0x0000020efa32f2a0
Event: 0.143 Thread 0x0000020efa332000 Thread added: 0x0000020efa332000
Event: 0.234 Thread 0x0000020ec5205990 Thread added: 0x0000020ec5205990
Event: 0.428 Thread 0x0000020ec55600b0 Thread added: 0x0000020ec55600b0


Dynamic libraries:
0x00007ff7a0ee0000 - 0x00007ff7a0ef0000 	C:\Program Files\Java\jdk-22\bin\java.exe
0x00007ffe86cd0000 - 0x00007ffe86ee7000 	C:\Windows\SYSTEM32\ntdll.dll
0x00007ffe85080000 - 0x00007ffe85144000 	C:\Windows\System32\KERNEL32.DLL
0x00007ffe84120000 - 0x00007ffe844d9000 	C:\Windows\System32\KERNELBASE.dll
0x00007ffe84000000 - 0x00007ffe84111000 	C:\Windows\System32\ucrtbase.dll
0x00007ffe7ec20000 - 0x00007ffe7ec37000 	C:\Program Files\Java\jdk-22\bin\jli.dll
0x00007ffe72640000 - 0x00007ffe7265b000 	C:\Program Files\Java\jdk-22\bin\VCRUNTIME140.dll
0x00007ffe85840000 - 0x00007ffe858f2000 	C:\Windows\System32\ADVAPI32.dll
0x00007ffe849f0000 - 0x00007ffe84a97000 	C:\Windows\System32\msvcrt.dll
0x00007ffe85c80000 - 0x00007ffe85d27000 	C:\Windows\System32\sechost.dll
0x00007ffe84920000 - 0x00007ffe84948000 	C:\Windows\System32\bcrypt.dll
0x00007ffe84c90000 - 0x00007ffe84da4000 	C:\Windows\System32\RPCRT4.dll
0x00007ffe85ad0000 - 0x00007ffe85c7e000 	C:\Windows\System32\USER32.dll
0x00007ffe83fd0000 - 0x00007ffe83ff6000 	C:\Windows\System32\win32u.dll
0x00007ffe6a330000 - 0x00007ffe6a5c2000 	C:\Windows\WinSxS\amd64_microsoft.windows.common-controls_6595b64144ccf1df_6.0.22621.4391_none_2715d37f73803e96\COMCTL32.dll
0x00007ffe85050000 - 0x00007ffe85079000 	C:\Windows\System32\GDI32.dll
0x00007ffe84800000 - 0x00007ffe8491b000 	C:\Windows\System32\gdi32full.dll
0x00007ffe84950000 - 0x00007ffe849ea000 	C:\Windows\System32\msvcp_win.dll
0x00007ffe7f9a0000 - 0x00007ffe7f9aa000 	C:\Windows\SYSTEM32\VERSION.dll
0x00007ffe85960000 - 0x00007ffe85991000 	C:\Windows\System32\IMM32.DLL
0x00007ffe7f740000 - 0x00007ffe7f74c000 	C:\Program Files\Java\jdk-22\bin\vcruntime140_1.dll
0x00007ffe4a2c0000 - 0x00007ffe4a34e000 	C:\Program Files\Java\jdk-22\bin\msvcp140.dll
0x00007ffdd7eb0000 - 0x00007ffdd8bf7000 	C:\Program Files\Java\jdk-22\bin\server\jvm.dll
0x00007ffe84db0000 - 0x00007ffe84e21000 	C:\Windows\System32\WS2_32.dll
0x00007ffe82e20000 - 0x00007ffe82e6d000 	C:\Windows\SYSTEM32\POWRPROF.dll
0x00007ffe7f4b0000 - 0x00007ffe7f4e4000 	C:\Windows\SYSTEM32\WINMM.dll
0x00007ffe82e00000 - 0x00007ffe82e13000 	C:\Windows\SYSTEM32\UMPDC.dll
0x00007ffe830d0000 - 0x00007ffe830e8000 	C:\Windows\SYSTEM32\kernel.appcore.dll
0x00007ffe7f720000 - 0x00007ffe7f72a000 	C:\Program Files\Java\jdk-22\bin\jimage.dll
0x00007ffe817f0000 - 0x00007ffe81a22000 	C:\Windows\SYSTEM32\DBGHELP.DLL
0x00007ffe85230000 - 0x00007ffe855bf000 	C:\Windows\System32\combase.dll
0x00007ffe85150000 - 0x00007ffe85227000 	C:\Windows\System32\OLEAUT32.dll
0x00007ffe68b40000 - 0x00007ffe68b72000 	C:\Windows\SYSTEM32\dbgcore.DLL
0x00007ffe84780000 - 0x00007ffe847fb000 	C:\Windows\System32\bcryptPrimitives.dll
0x00007ffe71be0000 - 0x00007ffe71bfe000 	C:\Program Files\Java\jdk-22\bin\java.dll
0x00007ffe85de0000 - 0x00007ffe86656000 	C:\Windows\System32\SHELL32.dll
0x00007ffe86660000 - 0x00007ffe86805000 	C:\Windows\System32\ole32.dll
0x00007ffe81ed0000 - 0x00007ffe827d3000 	C:\Windows\SYSTEM32\windows.storage.dll
0x00007ffe81d90000 - 0x00007ffe81ecf000 	C:\Windows\SYSTEM32\wintypes.dll
0x00007ffe84f50000 - 0x00007ffe85049000 	C:\Windows\System32\SHCORE.dll
0x00007ffe84ef0000 - 0x00007ffe84f4e000 	C:\Windows\System32\shlwapi.dll
0x00007ffe83f00000 - 0x00007ffe83f2b000 	C:\Windows\SYSTEM32\profapi.dll
0x00007ffe42ad0000 - 0x00007ffe42ba7000 	C:\Program Files\Java\jdk-22\bin\jsvml.dll
0x00007ffe7f6e0000 - 0x00007ffe7f6f0000 	C:\Program Files\Java\jdk-22\bin\net.dll
0x00007ffe83580000 - 0x00007ffe835e9000 	C:\Windows\system32\mswsock.dll
0x00007ffe70730000 - 0x00007ffe70746000 	C:\Program Files\Java\jdk-22\bin\nio.dll
0x00007ffe70570000 - 0x00007ffe70587000 	C:\Program Files\Java\jdk-22\bin\zip.dll
0x00007ffded2c0000 - 0x00007ffded44e000 	C:\Program Files\Java\jdk-22\bin\awt.dll
0x00007ffe7f030000 - 0x00007ffe7f0c7000 	C:\Windows\SYSTEM32\apphelp.dll

dbghelp: loaded successfully - version: 4.0.5 - missing functions: none
symbol engine: initialized successfully - sym options: 0x614 - pdb path: .;C:\Program Files\Java\jdk-22\bin;C:\Windows\SYSTEM32;C:\Windows\WinSxS\amd64_microsoft.windows.common-controls_6595b64144ccf1df_6.0.22621.4391_none_2715d37f73803e96;C:\Program Files\Java\jdk-22\bin\server

VM Arguments:
jvm_args: -Dfile.encoding=UTF-8 --module-path=C:\Users\Dell\OneDrive - Universidad Tecnologica Centroamericana\Documentos\NetBeans\Steam\build\classes 
java_command: Codee.Main
java_class_path (initial): C:\Users\Dell\OneDrive - Universidad Tecnologica Centroamericana\Documentos\NetBeans\Steam\jlayer1.0.1;C:\Users\Dell\OneDrive - Universidad Tecnologica Centroamericana\Documentos\NetBeans\Steam\jlayer1.0.1\jl1.0.1.jar;C:\Users\Dell\OneDrive - Universidad Tecnologica Centroamericana\Escritorio\jar_files\jaudiotagger-3.0.1.jar;C:\Users\Dell\OneDrive - Universidad Tecnologica Centroamericana\Documentos\NetBeans\Steam\build\classes
Launcher Type: SUN_STANDARD

[Global flags]
     intx CICompilerCount                          = 4                                         {product} {ergonomic}
     uint ConcGCThreads                            = 2                                         {product} {ergonomic}
     uint G1ConcRefinementThreads                  = 8                                         {product} {ergonomic}
   size_t G1HeapRegionSize                         = 1048576                                   {product} {ergonomic}
   size_t InitialHeapSize                          = 130023424                                 {product} {ergonomic}
   size_t MarkStackSize                            = 4194304                                   {product} {ergonomic}
   size_t MaxHeapSize                              = 2080374784                                {product} {ergonomic}
   size_t MaxNewSize                               = 1247805440                                {product} {ergonomic}
   size_t MinHeapDeltaBytes                        = 1048576                                   {product} {ergonomic}
   size_t MinHeapSize                              = 8388608                                   {product} {ergonomic}
    uintx NonNMethodCodeHeapSize                   = 5839372                                {pd product} {ergonomic}
    uintx NonProfiledCodeHeapSize                  = 122909434                              {pd product} {ergonomic}
    uintx ProfiledCodeHeapSize                     = 122909434                              {pd product} {ergonomic}
    uintx ReservedCodeCacheSize                    = 251658240                              {pd product} {ergonomic}
     bool SegmentedCodeCache                       = true                                      {product} {ergonomic}
   size_t SoftMaxHeapSize                          = 2080374784                             {manageable} {ergonomic}
     bool UseCompressedOops                        = true                           {product lp64_product} {ergonomic}
     bool UseG1GC                                  = true                                      {product} {ergonomic}
     bool UseLargePagesIndividualAllocation        = false                                  {pd product} {ergonomic}

Logging:
Log output configuration:
 #0: stdout all=warning uptime,level,tags foldmultilines=false
 #1: stderr all=off uptime,level,tags foldmultilines=false

Environment Variables:
PATH=C:\Program Files\Common Files\Oracle\Java\javapath;C:\Windows\system32;C:\Windows;C:\Windows\System32\Wbem;C:\Windows\System32\WindowsPowerShell\v1.0\;C:\Windows\System32\OpenSSH\;C:\Program Files\dotnet\;C:\Program Files\Git\cmd;C:\Program Files\MATLAB\R2024b\bin;C:\Users\Dell\AppData\Local\Microsoft\WindowsApps;
USERNAME=Dell
OS=Windows_NT
PROCESSOR_IDENTIFIER=Intel64 Family 6 Model 140 Stepping 1, GenuineIntel
TMP=C:\Users\Dell\AppData\Local\Temp
TEMP=C:\Users\Dell\AppData\Local\Temp




Periodic native trim disabled

---------------  S Y S T E M  ---------------

OS:
 Windows 11 , 64 bit Build 22621 (10.0.22621.4391)
OS uptime: 8 days 1:22 hours
Hyper-V role detected

CPU: total 8 (initial active 8) (4 cores per cpu, 2 threads per core) family 6 model 140 stepping 1 microcode 0xb8, cx8, cmov, fxsr, ht, mmx, 3dnowpref, sse, sse2, sse3, ssse3, sse4.1, sse4.2, popcnt, lzcnt, tsc, tscinvbit, avx, avx2, aes, erms, clmul, bmi1, bmi2, adx, avx512f, avx512dq, avx512cd, avx512bw, avx512vl, sha, fma, vzeroupper, avx512_vpopcntdq, avx512_vpclmulqdq, avx512_vaes, avx512_vnni, clflush, clflushopt, clwb, avx512_vbmi2, avx512_vbmi, hv, rdtscp, rdpid, fsrm, gfni, avx512_bitalg, f16c, cet_ibt, cet_ss, avx512_ifma
Processor Information for all 8 processors :
  Max Mhz: 2419, Current Mhz: 1209, Mhz Limit: 2419

Memory: 4k page, system-wide physical 7934M (1699M free)
TotalPageFile size 16126M (AvailPageFile size 0M)
current process WorkingSet (physical memory assigned to process): 42M, peak: 42M
current process commit charge ("private bytes"): 207M, peak: 207M

vm_info: Java HotSpot(TM) 64-Bit Server VM (22.0.1+8-16) for windows-amd64 JRE (22.0.1+8-16), built on 2024-03-12T10:33:16Z by "mach5one" with MS VC++ 17.6 (VS2022)

END.
