#
# There is insufficient memory for the Java Runtime Environment to continue.
# Native memory allocation (mmap) failed to map 130023424 bytes. Error detail: G1 virtual space
# Possible reasons:
#   The system is out of physical RAM or swap space
#   This process is running with CompressedOops enabled, and the Java Heap may be blocking the growth of the native heap
# Possible solutions:
#   Reduce memory load on the system
#   Increase physical memory or swap space
#   Check if swap backing store is full
#   Decrease Java heap size (-Xmx/-Xms)
#   Decrease number of Java threads
#   Decrease Java thread stack sizes (-Xss)
#   Set larger code cache with -XX:ReservedCodeCacheSize=
#   JVM is running with Unscaled Compressed Oops mode in which the Java heap is
#     placed in the first 4GB address space. The Java Heap base address is the
#     maximum limit for the native heap growth. Please use -XX:HeapBaseMinAddress
#     to set the Java Heap base and to place the Java Heap above 4GB virtual address.
# This output file may be truncated or incomplete.
#
#  Out of Memory Error (os_windows.cpp:3631), pid=7356, tid=10908
#
# JRE version:  (22.0.1+8) (build )
# Java VM: Java HotSpot(TM) 64-Bit Server VM (22.0.1+8-16, mixed mode, sharing, tiered, compressed oops, compressed class ptrs, g1 gc, windows-amd64)
# No core dump will be written. Minidumps are not enabled by default on client versions of Windows
#

---------------  S U M M A R Y ------------

Command Line: -Dfile.encoding=UTF-8 --module-path=C:\Users\Dell\OneDrive - Universidad Tecnologica Centroamericana\Documentos\NetBeans\Steam\build\classes Codee.Main

Host: 11th Gen Intel(R) Core(TM) i5-1135G7 @ 2.40GHz, 8 cores, 7G,  Windows 11 , 64 bit Build 22621 (10.0.22621.4391)
Time: Sun Dec  8 11:43:30 2024 Hora estándar, América Central elapsed time: 0.027294 seconds (0d 0h 0m 0s)

---------------  T H R E A D  ---------------

Current thread (0x000001f6c4048960):  JavaThread "Unknown thread" [_thread_in_vm, id=10908, stack(0x0000009f88300000,0x0000009f88400000) (1024K)]

Stack: [0x0000009f88300000,0x0000009f88400000]
Native frames: (J=compiled Java code, j=interpreted, Vv=VM code, C=native code)
V  [jvm.dll+0x6e2279]  (no source info available)
V  [jvm.dll+0x874e33]  (no source info available)
V  [jvm.dll+0x87725e]  (no source info available)
V  [jvm.dll+0x877933]  (no source info available)
V  [jvm.dll+0x27fd76]  (no source info available)
V  [jvm.dll+0x6de915]  (no source info available)
V  [jvm.dll+0x6d341a]  (no source info available)
V  [jvm.dll+0x3589da]  (no source info available)
V  [jvm.dll+0x360f06]  (no source info available)
V  [jvm.dll+0x3b3e2e]  (no source info available)
V  [jvm.dll+0x3b40d8]  (no source info available)
V  [jvm.dll+0x32c59c]  (no source info available)
V  [jvm.dll+0x32d158]  (no source info available)
V  [jvm.dll+0x83ccdc]  (no source info available)
V  [jvm.dll+0x3c0d71]  (no source info available)
V  [jvm.dll+0x825ccc]  (no source info available)
V  [jvm.dll+0x45b8fe]  (no source info available)
V  [jvm.dll+0x45d781]  (no source info available)
C  [jli.dll+0x52a3]  (no source info available)
C  [ucrtbase.dll+0x29333]  (no source info available)
C  [KERNEL32.DLL+0x1259d]  (no source info available)
C  [ntdll.dll+0x5af38]  (no source info available)


---------------  P R O C E S S  ---------------

Threads class SMR info:
_java_thread_list=0x00007ffd60c5b1c8, length=0, elements={
}

Java Threads: ( => current thread )
Total: 0

Other Threads:
  0x000001f6c62fdcf0 WorkerThread "GC Thread#0"                     [id=23564, stack(0x0000009f88400000,0x0000009f88500000) (1024K)]
  0x000001f6c630ecf0 ConcurrentGCThread "G1 Main Marker"            [id=17564, stack(0x0000009f88500000,0x0000009f88600000) (1024K)]
  0x000001f6c630f800 WorkerThread "G1 Conc#0"                       [id=9280, stack(0x0000009f88600000,0x0000009f88700000) (1024K)]

[error occurred during error reporting (printing all threads), id 0xc0000005, EXCEPTION_ACCESS_VIOLATION (0xc0000005) at pc=0x00007ffd603af367]
VM state: not at safepoint (not fully initialized)

VM Mutex/Monitor currently owned by a thread:  ([mutex/lock_event])
[0x00007ffd60cdbcb8] Heap_lock - owner thread: 0x000001f6c4048960

Heap address: 0x0000000084000000, size: 1984 MB, Compressed Oops mode: 32-bit

CDS archive(s) mapped at: [0x0000000000000000-0x0000000000000000-0x0000000000000000), size 0, SharedBaseAddress: 0x0000000800000000, ArchiveRelocationMode: 1.
Narrow klass base: 0x0000000000000000, Narrow klass shift: 0, Narrow klass range: 0x0

GC Precious Log:
 CardTable entry size: 512
 Card Set container configuration: InlinePtr #cards 5 size 8 Array Of Cards #cards 12 size 40 Howl #buckets 4 coarsen threshold 1843 Howl Bitmap #cards 512 size 80 coarsen threshold 460 Card regions per heap region 1 cards per card region 2048

Heap:
 garbage-first heap   total reserved 2031616K, committed 0K, used 0K [0x0000000084000000, 0x0000000100000000)
  region size 1024K, 0 young (0K), 0 survivors (0K)

[error occurred during error reporting (printing heap information), id 0xc0000005, EXCEPTION_ACCESS_VIOLATION (0xc0000005) at pc=0x00007ffd607ae429]
GC Heap History (0 events):
No events

Dll operation events (1 events):
Event: 0.017 Loaded shared library C:\Program Files\Java\jdk-22\bin\java.dll

Deoptimization events (0 events):
No events

Classes loaded (0 events):
No events

Classes unloaded (0 events):
No events

Classes redefined (0 events):
No events

Internal exceptions (0 events):
No events

ZGC Phase Switch (0 events):
No events

VM Operations (0 events):
No events

Events (0 events):
No events


Dynamic libraries:
0x00007ff6790b0000 - 0x00007ff6790c0000 	C:\Program Files\Java\jdk-22\bin\java.exe
0x00007ffdeecd0000 - 0x00007ffdeeee7000 	C:\Windows\SYSTEM32\ntdll.dll
0x00007ffded610000 - 0x00007ffded6d4000 	C:\Windows\System32\KERNEL32.DLL
0x00007ffdec2e0000 - 0x00007ffdec699000 	C:\Windows\System32\KERNELBASE.dll
0x00007ffdebfd0000 - 0x00007ffdec0e1000 	C:\Windows\System32\ucrtbase.dll
0x00007ffdd9750000 - 0x00007ffdd9767000 	C:\Program Files\Java\jdk-22\bin\jli.dll
0x00007ffde5a80000 - 0x00007ffde5a9b000 	C:\Program Files\Java\jdk-22\bin\VCRUNTIME140.dll
0x00007ffded550000 - 0x00007ffded602000 	C:\Windows\System32\ADVAPI32.dll
0x00007ffdee960000 - 0x00007ffdeea07000 	C:\Windows\System32\msvcrt.dll
0x00007ffdee700000 - 0x00007ffdee7a7000 	C:\Windows\System32\sechost.dll
0x00007ffdec0f0000 - 0x00007ffdec118000 	C:\Windows\System32\bcrypt.dll
0x00007ffdece40000 - 0x00007ffdecf54000 	C:\Windows\System32\RPCRT4.dll
0x00007ffdee550000 - 0x00007ffdee6fe000 	C:\Windows\System32\USER32.dll
0x00007ffdec120000 - 0x00007ffdec146000 	C:\Windows\System32\win32u.dll
0x00007ffdcb5c0000 - 0x00007ffdcb852000 	C:\Windows\WinSxS\amd64_microsoft.windows.common-controls_6595b64144ccf1df_6.0.22621.4391_none_2715d37f73803e96\COMCTL32.dll
0x00007ffdedbf0000 - 0x00007ffdedc19000 	C:\Windows\System32\GDI32.dll
0x00007ffdec150000 - 0x00007ffdec26b000 	C:\Windows\System32\gdi32full.dll
0x00007ffdec720000 - 0x00007ffdec7ba000 	C:\Windows\System32\msvcp_win.dll
0x00007ffde6360000 - 0x00007ffde636a000 	C:\Windows\SYSTEM32\VERSION.dll
0x00007ffdeeaf0000 - 0x00007ffdeeb21000 	C:\Windows\System32\IMM32.DLL
0x00007ffde5ac0000 - 0x00007ffde5acc000 	C:\Program Files\Java\jdk-22\bin\vcruntime140_1.dll
0x00007ffd88a40000 - 0x00007ffd88ace000 	C:\Program Files\Java\jdk-22\bin\msvcp140.dll
0x00007ffd60070000 - 0x00007ffd60db7000 	C:\Program Files\Java\jdk-22\bin\server\jvm.dll
0x00007ffdee4d0000 - 0x00007ffdee541000 	C:\Windows\System32\WS2_32.dll
0x00007ffdeae20000 - 0x00007ffdeae6d000 	C:\Windows\SYSTEM32\POWRPROF.dll
0x00007ffde6440000 - 0x00007ffde6474000 	C:\Windows\SYSTEM32\WINMM.dll
0x00007ffdeae00000 - 0x00007ffdeae13000 	C:\Windows\SYSTEM32\UMPDC.dll
0x00007ffdeb030000 - 0x00007ffdeb048000 	C:\Windows\SYSTEM32\kernel.appcore.dll
0x00007ffde3e80000 - 0x00007ffde3e8a000 	C:\Program Files\Java\jdk-22\bin\jimage.dll
0x00007ffde97d0000 - 0x00007ffde9a02000 	C:\Windows\SYSTEM32\DBGHELP.DLL
0x00007ffded7a0000 - 0x00007ffdedb2f000 	C:\Windows\System32\combase.dll
0x00007ffdeea10000 - 0x00007ffdeeae7000 	C:\Windows\System32\OLEAUT32.dll
0x00007ffdd06a0000 - 0x00007ffdd06d2000 	C:\Windows\SYSTEM32\dbgcore.DLL
0x00007ffdec6a0000 - 0x00007ffdec71b000 	C:\Windows\System32\bcryptPrimitives.dll
0x00007ffdd95b0000 - 0x00007ffdd95ce000 	C:\Program Files\Java\jdk-22\bin\java.dll
0x00007ffdedc20000 - 0x00007ffdee496000 	C:\Windows\System32\SHELL32.dll
0x00007ffdee7b0000 - 0x00007ffdee955000 	C:\Windows\System32\ole32.dll

dbghelp: loaded successfully - version: 4.0.5 - missing functions: none
symbol engine: initialized successfully - sym options: 0x614 - pdb path: .;C:\Program Files\Java\jdk-22\bin;C:\Windows\SYSTEM32;C:\Windows\WinSxS\amd64_microsoft.windows.common-controls_6595b64144ccf1df_6.0.22621.4391_none_2715d37f73803e96;C:\Program Files\Java\jdk-22\bin\server

VM Arguments:
jvm_args: -Dfile.encoding=UTF-8 --module-path=C:\Users\Dell\OneDrive - Universidad Tecnologica Centroamericana\Documentos\NetBeans\Steam\build\classes 
java_command: Codee.Main
java_class_path (initial): C:\Users\Dell\OneDrive - Universidad Tecnologica Centroamericana\Documentos\NetBeans\Steam\jlayer1.0.1;C:\Users\Dell\OneDrive - Universidad Tecnologica Centroamericana\Documentos\NetBeans\Steam\jlayer1.0.1\jl1.0.1.jar;C:\Users\Dell\OneDrive - Universidad Tecnologica Centroamericana\Escritorio\jar_files\jaudiotagger-3.0.1.jar;C:\Users\Dell\OneDrive - Universidad Tecnologica Centroamericana\Escritorio\jcalendar_1.0.0.jar;C:\Users\Dell\OneDrive - Universidad Tecnologica Centroamericana\Documentos\NetBeans\Steam\build\classes
Launcher Type: SUN_STANDARD

[Global flags]
     intx CICompilerCount                          = 4                                         {product} {ergonomic}
     uint ConcGCThreads                            = 2                                         {product} {ergonomic}
     uint G1ConcRefinementThreads                  = 8                                         {product} {ergonomic}
   size_t G1HeapRegionSize                         = 1048576                                   {product} {ergonomic}
   size_t InitialHeapSize                          = 130023424                                 {product} {ergonomic}
   size_t MarkStackSize                            = 4194304                                   {product} {ergonomic}
   size_t MaxHeapSize                              = 2080374784                                {product} {ergonomic}
   size_t MinHeapDeltaBytes                        = 1048576                                   {product} {ergonomic}
   size_t MinHeapSize                              = 8388608                                   {product} {ergonomic}
    uintx NonNMethodCodeHeapSize                   = 5839372                                {pd product} {ergonomic}
    uintx NonProfiledCodeHeapSize                  = 122909434                              {pd product} {ergonomic}
    uintx ProfiledCodeHeapSize                     = 122909434                              {pd product} {ergonomic}
    uintx ReservedCodeCacheSize                    = 251658240                              {pd product} {ergonomic}
     bool SegmentedCodeCache                       = true                                      {product} {ergonomic}
   size_t SoftMaxHeapSize                          = 2080374784                             {manageable} {ergonomic}
     bool UseCompressedOops                        = true                           {product lp64_product} {ergonomic}
     bool UseG1GC                                  = true                                      {product} {ergonomic}
     bool UseLargePagesIndividualAllocation        = false                                  {pd product} {ergonomic}

Logging:
Log output configuration:
 #0: stdout all=warning uptime,level,tags foldmultilines=false
 #1: stderr all=off uptime,level,tags foldmultilines=false

Environment Variables:
PATH=C:\Program Files\Common Files\Oracle\Java\javapath;C:\Windows\system32;C:\Windows;C:\Windows\System32\Wbem;C:\Windows\System32\WindowsPowerShell\v1.0\;C:\Windows\System32\OpenSSH\;C:\Program Files\dotnet\;C:\Program Files\Git\cmd;C:\Program Files\MATLAB\R2024b\bin;C:\Users\Dell\AppData\Local\Microsoft\WindowsApps;
USERNAME=Dell
OS=Windows_NT
PROCESSOR_IDENTIFIER=Intel64 Family 6 Model 140 Stepping 1, GenuineIntel
TMP=C:\Users\Dell\AppData\Local\Temp
TEMP=C:\Users\Dell\AppData\Local\Temp




Periodic native trim disabled

---------------  S Y S T E M  ---------------

OS:
 Windows 11 , 64 bit Build 22621 (10.0.22621.4391)
OS uptime: 5 days 4:34 hours
Hyper-V role detected

CPU: total 8 (initial active 8) (4 cores per cpu, 2 threads per core) family 6 model 140 stepping 1 microcode 0xb8, cx8, cmov, fxsr, ht, mmx, 3dnowpref, sse, sse2, sse3, ssse3, sse4.1, sse4.2, popcnt, lzcnt, tsc, tscinvbit, avx, avx2, aes, erms, clmul, bmi1, bmi2, adx, avx512f, avx512dq, avx512cd, avx512bw, avx512vl, sha, fma, vzeroupper, avx512_vpopcntdq, avx512_vpclmulqdq, avx512_vaes, avx512_vnni, clflush, clflushopt, clwb, avx512_vbmi2, avx512_vbmi, hv, rdtscp, rdpid, fsrm, gfni, avx512_bitalg, f16c, cet_ibt, cet_ss, avx512_ifma
Processor Information for processor 0
  Max Mhz: 2419, Current Mhz: 1209, Mhz Limit: 2419
Processor Information for processor 1
  Max Mhz: 2419, Current Mhz: 1209, Mhz Limit: 2419
Processor Information for processor 2
  Max Mhz: 2419, Current Mhz: 1209, Mhz Limit: 2419
Processor Information for processor 3
  Max Mhz: 2419, Current Mhz: 1209, Mhz Limit: 2419
Processor Information for processor 4
  Max Mhz: 2419, Current Mhz: 1209, Mhz Limit: 2419
Processor Information for processor 5
  Max Mhz: 2419, Current Mhz: 1209, Mhz Limit: 2419
Processor Information for processor 6
  Max Mhz: 2419, Current Mhz: 1007, Mhz Limit: 2419
Processor Information for processor 7
  Max Mhz: 2419, Current Mhz: 1007, Mhz Limit: 2419

Memory: 4k page, system-wide physical 7934M (2366M free)
TotalPageFile size 16126M (AvailPageFile size 85M)
current process WorkingSet (physical memory assigned to process): 12M, peak: 12M
current process commit charge ("private bytes"): 60M, peak: 184M

vm_info: Java HotSpot(TM) 64-Bit Server VM (22.0.1+8-16) for windows-amd64 JRE (22.0.1+8-16), built on 2024-03-12T10:33:16Z by "mach5one" with MS VC++ 17.6 (VS2022)

END.
